<?xml version="1.0" encoding="UTF-8"?>
<!-- Generated by org.testng.reporters.JUnitReportReporter -->
<testsuite hostname="Angeljoel" failures="0" tests="10" name="testpkg_bigbus.Testclass_bigbus" time="93.108" errors="0" timestamp="2024-10-16T19:15:40 IST" skipped="1">
  <testcase classname="testpkg_bigbus.Testclass_bigbus" name="logoVerification1" time="2.064"/>
  <testcase classname="testpkg_bigbus.Testclass_bigbus" name="titleVerification" time="2.027"/>
  <testcase classname="testpkg_bigbus.Testclass_bigbus" name="linkCountt" time="2.046"/>
  <testcase classname="testpkg_bigbus.Testclass_bigbus" name="responseCode" time="0.491"/>
  <testcase classname="testpkg_bigbus.Testclass_bigbus" name="datePicker" time="52.265"/>
  <testcase classname="testpkg_bigbus.Testclass_bigbus" name="elementScreenshot" time="4.294"/>
  <testcase classname="testpkg_bigbus.Testclass_bigbus" name="Pagescreenshot" time="2.285"/>
  <testcase classname="testpkg_bigbus.Testclass_bigbus" name="Managebooking_bigbus" time="25.306"/>
  <testcase classname="testpkg_bigbus.Testclass_bigbus" name="windowHandle" time="2.330"/>
  <testcase classname="testpkg_bigbus.Testclass_bigbus" name="agentLoginDatadriven1">
    <skipped/>
  </testcase> <!-- agentLoginDatadriven1 -->
</testsuite> <!-- testpkg_bigbus.Testclass_bigbus -->
